# JRE version: OpenJDK Runtime Environment Temurin-17.0.10+7 (17.0.10+7) (build 17.0.10+7)
# Java VM: OpenJDK 64-Bit Server VM Temurin-17.0.10+7 (17.0.10+7, mixed mode, tiered, compressed oops, compressed class ptrs, parallel gc, windows-amd64)
GC Precious Log:
 CPUs: 32 total, 32 available
 Memory: 31894M
 Large Page Support: Disabled
 NUMA Support: Disabled
 Compressed Oops: Enabled (32-bit)
 Alignments: Space 512K, Generation 512K, Heap 2M
 Heap Min Capacity: 100M
 Heap Initial Capacity: 100M
 Heap Max Capacity: 1G
 Pre-touch: Disabled
 Parallel Workers: 23
Heap:
 PSYoungGen      total 4096K, used 2048K [0x00000000eab00000, 0x00000000eb680000, 0x0000000100000000)
  eden space 2048K, 0% used [0x00000000eab00000,0x00000000eab00000,0x00000000ead00000)
  from space 2048K, 100% used [0x00000000ead00000,0x00000000eaf00000,0x00000000eaf00000)
  to   space 4608K, 0% used [0x00000000eb200000,0x00000000eb200000,0x00000000eb680000)
 ParOldGen       total 118272K, used 117537K [0x00000000c0000000, 0x00000000c7380000, 0x00000000eab00000)
  object space 118272K, 99% used [0x00000000c0000000,0x00000000c72c85d0,0x00000000c7380000)
 Metaspace       used 103789K, committed 104960K, reserved 1179648K
  class space    used 10290K, committed 10880K, reserved 1048576K
GC Heap History (20 events):
Event: 7410.553 GC heap after
{Heap after GC invocations=12967 (full 297):
 PSYoungGen      total 3072K, used 593K [0x00000000eab00000, 0x00000000eaf00000, 0x0000000100000000)
  eden space 2048K, 0% used [0x00000000eab00000,0x00000000eab00000,0x00000000ead00000)
  from space 1024K, 57% used [0x00000000eae00000,0x00000000eae94738,0x00000000eaf00000)
  to   space 1024K, 0% used [0x00000000ead00000,0x00000000ead00000,0x00000000eae00000)
 ParOldGen       total 118272K, used 107643K [0x00000000c0000000, 0x00000000c7380000, 0x00000000eab00000)
  object space 118272K, 91% used [0x00000000c0000000,0x00000000c691ee38,0x00000000c7380000)
 Metaspace       used 103789K, committed 104960K, reserved 1179648K
  class space    used 10290K, committed 10880K, reserved 1048576K
}
Event: 7410.556 GC heap before
{Heap before GC invocations=12968 (full 297):
 PSYoungGen      total 3072K, used 2641K [0x00000000eab00000, 0x00000000eaf00000, 0x0000000100000000)
  eden space 2048K, 100% used [0x00000000eab00000,0x00000000ead00000,0x00000000ead00000)
  from space 1024K, 57% used [0x00000000eae00000,0x00000000eae94738,0x00000000eaf00000)
  to   space 1024K, 0% used [0x00000000ead00000,0x00000000ead00000,0x00000000eae00000)
 ParOldGen       total 118272K, used 107643K [0x00000000c0000000, 0x00000000c7380000, 0x00000000eab00000)
  object space 118272K, 91% used [0x00000000c0000000,0x00000000c691ee38,0x00000000c7380000)
 Metaspace       used 103789K, committed 104960K, reserved 1179648K
  class space    used 10290K, committed 10880K, reserved 1048576K
}
Event: 7410.557 GC heap after
{Heap after GC invocations=12968 (full 297):
 PSYoungGen      total 3072K, used 998K [0x00000000eab00000, 0x00000000eb100000, 0x0000000100000000)
  eden space 2048K, 0% used [0x00000000eab00000,0x00000000eab00000,0x00000000ead00000)
  from space 1024K, 97% used [0x00000000ead00000,0x00000000eadf9ab0,0x00000000eae00000)
  to   space 2048K, 0% used [0x00000000eaf00000,0x00000000eaf00000,0x00000000eb100000)
 ParOldGen       total 118272K, used 108288K [0x00000000c0000000, 0x00000000c7380000, 0x00000000eab00000)
  object space 118272K, 91% used [0x00000000c0000000,0x00000000c69c0280,0x00000000c7380000)
 Metaspace       used 103789K, committed 104960K, reserved 1179648K
  class space    used 10290K, committed 10880K, reserved 1048576K
}
Event: 7410.560 GC heap before
{Heap before GC invocations=12969 (full 297):
 PSYoungGen      total 3072K, used 3046K [0x00000000eab00000, 0x00000000eb100000, 0x0000000100000000)
  eden space 2048K, 100% used [0x00000000eab00000,0x00000000ead00000,0x00000000ead00000)
  from space 1024K, 97% used [0x00000000ead00000,0x00000000eadf9ab0,0x00000000eae00000)
  to   space 2048K, 0% used [0x00000000eaf00000,0x00000000eaf00000,0x00000000eb100000)
 ParOldGen       total 118272K, used 108288K [0x00000000c0000000, 0x00000000c7380000, 0x00000000eab00000)
  object space 118272K, 91% used [0x00000000c0000000,0x00000000c69c0280,0x00000000c7380000)
 Metaspace       used 103789K, committed 104960K, reserved 1179648K
  class space    used 10290K, committed 10880K, reserved 1048576K
}
Event: 7410.562 GC heap after
{Heap after GC invocations=12969 (full 297):
 PSYoungGen      total 2560K, used 2048K [0x00000000eab00000, 0x00000000eb400000, 0x0000000100000000)
  eden space 512K, 0% used [0x00000000eab00000,0x00000000eab00000,0x00000000eab80000)
  from space 2048K, 100% used [0x00000000eaf00000,0x00000000eb100000,0x00000000eb100000)
  to   space 3584K, 0% used [0x00000000eab80000,0x00000000eab80000,0x00000000eaf00000)
 ParOldGen       total 118272K, used 109290K [0x00000000c0000000, 0x00000000c7380000, 0x00000000eab00000)
  object space 118272K, 92% used [0x00000000c0000000,0x00000000c6abab10,0x00000000c7380000)
 Metaspace       used 103789K, committed 104960K, reserved 1179648K
  class space    used 10290K, committed 10880K, reserved 1048576K
}
Event: 7410.563 GC heap before
{Heap before GC invocations=12970 (full 297):
 PSYoungGen      total 2560K, used 2560K [0x00000000eab00000, 0x00000000eb400000, 0x0000000100000000)
  eden space 512K, 100% used [0x00000000eab00000,0x00000000eab80000,0x00000000eab80000)
  from space 2048K, 100% used [0x00000000eaf00000,0x00000000eb100000,0x00000000eb100000)
  to   space 3584K, 0% used [0x00000000eab80000,0x00000000eab80000,0x00000000eaf00000)
 ParOldGen       total 118272K, used 109290K [0x00000000c0000000, 0x00000000c7380000, 0x00000000eab00000)
  object space 118272K, 92% used [0x00000000c0000000,0x00000000c6abab10,0x00000000c7380000)
 Metaspace       used 103789K, committed 104960K, reserved 1179648K
  class space    used 10290K, committed 10880K, reserved 1048576K
}
Event: 7410.567 GC heap after
{Heap after GC invocations=12970 (full 297):
 PSYoungGen      total 1536K, used 800K [0x00000000eab00000, 0x00000000eb000000, 0x0000000100000000)
  eden space 512K, 0% used [0x00000000eab00000,0x00000000eab00000,0x00000000eab80000)
  from space 1024K, 78% used [0x00000000eab80000,0x00000000eac48000,0x00000000eac80000)
  to   space 2048K, 0% used [0x00000000eae00000,0x00000000eae00000,0x00000000eb000000)
 ParOldGen       total 118272K, used 111226K [0x00000000c0000000, 0x00000000c7380000, 0x00000000eab00000)
  object space 118272K, 94% used [0x00000000c0000000,0x00000000c6c9eb30,0x00000000c7380000)
 Metaspace       used 103789K, committed 104960K, reserved 1179648K
  class space    used 10290K, committed 10880K, reserved 1048576K
}
Event: 7410.568 GC heap before
{Heap before GC invocations=12971 (full 297):
 PSYoungGen      total 1536K, used 1312K [0x00000000eab00000, 0x00000000eb000000, 0x0000000100000000)
  eden space 512K, 100% used [0x00000000eab00000,0x00000000eab80000,0x00000000eab80000)
  from space 1024K, 78% used [0x00000000eab80000,0x00000000eac48000,0x00000000eac80000)
  to   space 2048K, 0% used [0x00000000eae00000,0x00000000eae00000,0x00000000eb000000)
 ParOldGen       total 118272K, used 111226K [0x00000000c0000000, 0x00000000c7380000, 0x00000000eab00000)
  object space 118272K, 94% used [0x00000000c0000000,0x00000000c6c9eb30,0x00000000c7380000)
 Metaspace       used 103789K, committed 104960K, reserved 1179648K
  class space    used 10290K, committed 10880K, reserved 1048576K
}
Event: 7410.570 GC heap after
{Heap after GC invocations=12971 (full 297):
 PSYoungGen      total 2048K, used 736K [0x00000000eab00000, 0x00000000eaf00000, 0x0000000100000000)
  eden space 1024K, 0% used [0x00000000eab00000,0x00000000eab00000,0x00000000eac00000)
  from space 1024K, 71% used [0x00000000eae00000,0x00000000eaeb8000,0x00000000eaf00000)
  to   space 1024K, 0% used [0x00000000ead00000,0x00000000ead00000,0x00000000eae00000)
 ParOldGen       total 118272K, used 111778K [0x00000000c0000000, 0x00000000c7380000, 0x00000000eab00000)
  object space 118272K, 94% used [0x00000000c0000000,0x00000000c6d28b30,0x00000000c7380000)
 Metaspace       used 103789K, committed 104960K, reserved 1179648K
  class space    used 10290K, committed 10880K, reserved 1048576K
}
Event: 7410.572 GC heap before
{Heap before GC invocations=12972 (full 297):
 PSYoungGen      total 2048K, used 1759K [0x00000000eab00000, 0x00000000eaf00000, 0x0000000100000000)
  eden space 1024K, 99% used [0x00000000eab00000,0x00000000eabffff8,0x00000000eac00000)
  from space 1024K, 71% used [0x00000000eae00000,0x00000000eaeb8000,0x00000000eaf00000)
  to   space 1024K, 0% used [0x00000000ead00000,0x00000000ead00000,0x00000000eae00000)
 ParOldGen       total 118272K, used 111778K [0x00000000c0000000, 0x00000000c7380000, 0x00000000eab00000)
  object space 118272K, 94% used [0x00000000c0000000,0x00000000c6d28b30,0x00000000c7380000)
 Metaspace       used 103789K, committed 104960K, reserved 1179648K
  class space    used 10290K, committed 10880K, reserved 1048576K
}
Event: 7410.575 GC heap after
{Heap after GC invocations=12972 (full 297):
 PSYoungGen      total 2560K, used 1024K [0x00000000eab00000, 0x00000000eb080000, 0x0000000100000000)
  eden space 1536K, 0% used [0x00000000eab00000,0x00000000eab00000,0x00000000eac80000)
  from space 1024K, 100% used [0x00000000ead00000,0x00000000eae00000,0x00000000eae00000)
  to   space 2048K, 0% used [0x00000000eae80000,0x00000000eae80000,0x00000000eb080000)
 ParOldGen       total 118272K, used 112482K [0x00000000c0000000, 0x00000000c7380000, 0x00000000eab00000)
  object space 118272K, 95% used [0x00000000c0000000,0x00000000c6dd8b30,0x00000000c7380000)
 Metaspace       used 103789K, committed 104960K, reserved 1179648K
  class space    used 10290K, committed 10880K, reserved 1048576K
}
Event: 7410.578 GC heap before
{Heap before GC invocations=12973 (full 297):
 PSYoungGen      total 2560K, used 2547K [0x00000000eab00000, 0x00000000eb080000, 0x0000000100000000)
  eden space 1536K, 99% used [0x00000000eab00000,0x00000000eac7ce78,0x00000000eac80000)
  from space 1024K, 100% used [0x00000000ead00000,0x00000000eae00000,0x00000000eae00000)
  to   space 2048K, 0% used [0x00000000eae80000,0x00000000eae80000,0x00000000eb080000)
 ParOldGen       total 118272K, used 112482K [0x00000000c0000000, 0x00000000c7380000, 0x00000000eab00000)
  object space 118272K, 95% used [0x00000000c0000000,0x00000000c6dd8b30,0x00000000c7380000)
 Metaspace       used 103789K, committed 104960K, reserved 1179648K
  class space    used 10290K, committed 10880K, reserved 1048576K
}
Event: 7410.582 GC heap after
{Heap after GC invocations=12973 (full 297):
 PSYoungGen      total 3584K, used 1877K [0x00000000eab00000, 0x00000000eb100000, 0x0000000100000000)
  eden space 1536K, 0% used [0x00000000eab00000,0x00000000eab00000,0x00000000eac80000)
  from space 2048K, 91% used [0x00000000eae80000,0x00000000eb055400,0x00000000eb080000)
  to   space 2048K, 0% used [0x00000000eac80000,0x00000000eac80000,0x00000000eae80000)
 ParOldGen       total 118272K, used 113434K [0x00000000c0000000, 0x00000000c7380000, 0x00000000eab00000)
  object space 118272K, 95% used [0x00000000c0000000,0x00000000c6ec6b30,0x00000000c7380000)
 Metaspace       used 103789K, committed 104960K, reserved 1179648K
  class space    used 10290K, committed 10880K, reserved 1048576K
}
Event: 7410.586 GC heap before
{Heap before GC invocations=12974 (full 297):
 PSYoungGen      total 3584K, used 3319K [0x00000000eab00000, 0x00000000eb100000, 0x0000000100000000)
  eden space 1536K, 93% used [0x00000000eab00000,0x00000000eac68b10,0x00000000eac80000)
  from space 2048K, 91% used [0x00000000eae80000,0x00000000eb055400,0x00000000eb080000)
  to   space 2048K, 0% used [0x00000000eac80000,0x00000000eac80000,0x00000000eae80000)
 ParOldGen       total 118272K, used 113434K [0x00000000c0000000, 0x00000000c7380000, 0x00000000eab00000)
  object space 118272K, 95% used [0x00000000c0000000,0x00000000c6ec6b30,0x00000000c7380000)
 Metaspace       used 103789K, committed 104960K, reserved 1179648K
  class space    used 10290K, committed 10880K, reserved 1048576K
}
Event: 7410.588 GC heap after
{Heap after GC invocations=12974 (full 297):
 PSYoungGen      total 3584K, used 1344K [0x00000000eab00000, 0x00000000eb100000, 0x0000000100000000)
  eden space 1536K, 0% used [0x00000000eab00000,0x00000000eab00000,0x00000000eac80000)
  from space 2048K, 65% used [0x00000000eac80000,0x00000000eadd0000,0x00000000eae80000)
  to   space 2048K, 0% used [0x00000000eaf00000,0x00000000eaf00000,0x00000000eb100000)
 ParOldGen       total 118272K, used 114946K [0x00000000c0000000, 0x00000000c7380000, 0x00000000eab00000)
  object space 118272K, 97% used [0x00000000c0000000,0x00000000c7040b30,0x00000000c7380000)
 Metaspace       used 103789K, committed 104960K, reserved 1179648K
  class space    used 10290K, committed 10880K, reserved 1048576K
}
Event: 7410.601 GC heap before
{Heap before GC invocations=12975 (full 297):
 PSYoungGen      total 3584K, used 2880K [0x00000000eab00000, 0x00000000eb100000, 0x0000000100000000)
  eden space 1536K, 100% used [0x00000000eab00000,0x00000000eac80000,0x00000000eac80000)
  from space 2048K, 65% used [0x00000000eac80000,0x00000000eadd0000,0x00000000eae80000)
  to   space 2048K, 0% used [0x00000000eaf00000,0x00000000eaf00000,0x00000000eb100000)
 ParOldGen       total 118272K, used 114946K [0x00000000c0000000, 0x00000000c7380000, 0x00000000eab00000)
  object space 118272K, 97% used [0x00000000c0000000,0x00000000c7040b30,0x00000000c7380000)
 Metaspace       used 103789K, committed 104960K, reserved 1179648K
  class space    used 10290K, committed 10880K, reserved 1048576K
}
Event: 7410.602 GC heap after
{Heap after GC invocations=12975 (full 297):
 PSYoungGen      total 4096K, used 1742K [0x00000000eab00000, 0x00000000eb100000, 0x0000000100000000)
  eden space 2048K, 0% used [0x00000000eab00000,0x00000000eab00000,0x00000000ead00000)
  from space 2048K, 85% used [0x00000000eaf00000,0x00000000eb0b3aa0,0x00000000eb100000)
  to   space 2048K, 0% used [0x00000000ead00000,0x00000000ead00000,0x00000000eaf00000)
 ParOldGen       total 118272K, used 115818K [0x00000000c0000000, 0x00000000c7380000, 0x00000000eab00000)
  object space 118272K, 97% used [0x00000000c0000000,0x00000000c711ab30,0x00000000c7380000)
 Metaspace       used 103789K, committed 104960K, reserved 1179648K
  class space    used 10290K, committed 10880K, reserved 1048576K
}
Event: 7410.605 GC heap before
{Heap before GC invocations=12976 (full 297):
 PSYoungGen      total 4096K, used 3790K [0x00000000eab00000, 0x00000000eb100000, 0x0000000100000000)
  eden space 2048K, 100% used [0x00000000eab00000,0x00000000ead00000,0x00000000ead00000)
  from space 2048K, 85% used [0x00000000eaf00000,0x00000000eb0b3aa0,0x00000000eb100000)
  to   space 2048K, 0% used [0x00000000ead00000,0x00000000ead00000,0x00000000eaf00000)
 ParOldGen       total 118272K, used 115818K [0x00000000c0000000, 0x00000000c7380000, 0x00000000eab00000)
  object space 118272K, 97% used [0x00000000c0000000,0x00000000c711ab30,0x00000000c7380000)
 Metaspace       used 103789K, committed 104960K, reserved 1179648K
  class space    used 10290K, committed 10880K, reserved 1048576K
}
Event: 7410.606 GC heap after
{Heap after GC invocations=12976 (full 297):
 PSYoungGen      total 4096K, used 2048K [0x00000000eab00000, 0x00000000eb680000, 0x0000000100000000)
  eden space 2048K, 0% used [0x00000000eab00000,0x00000000eab00000,0x00000000ead00000)
  from space 2048K, 100% used [0x00000000ead00000,0x00000000eaf00000,0x00000000eaf00000)
  to   space 4608K, 0% used [0x00000000eb200000,0x00000000eb200000,0x00000000eb680000)
 ParOldGen       total 118272K, used 117537K [0x00000000c0000000, 0x00000000c7380000, 0x00000000eab00000)
  object space 118272K, 99% used [0x00000000c0000000,0x00000000c72c85d0,0x00000000c7380000)
 Metaspace       used 103789K, committed 104960K, reserved 1179648K
  class space    used 10290K, committed 10880K, reserved 1048576K
}
Event: 7410.606 GC heap before
{Heap before GC invocations=12977 (full 298):
 PSYoungGen      total 4096K, used 2048K [0x00000000eab00000, 0x00000000eb680000, 0x0000000100000000)
  eden space 2048K, 0% used [0x00000000eab00000,0x00000000eab00000,0x00000000ead00000)
  from space 2048K, 100% used [0x00000000ead00000,0x00000000eaf00000,0x00000000eaf00000)
  to   space 4608K, 0% used [0x00000000eb200000,0x00000000eb200000,0x00000000eb680000)
 ParOldGen       total 118272K, used 117537K [0x00000000c0000000, 0x00000000c7380000, 0x00000000eab00000)
  object space 118272K, 99% used [0x00000000c0000000,0x00000000c72c85d0,0x00000000c7380000)
 Metaspace       used 103789K, committed 104960K, reserved 1179648K
  class space    used 10290K, committed 10880K, reserved 1048576K
}

